procs -----------memory---------- ---swap-- -----io---- -system-- ------cpu----- -----timestamp-----
 r  b   swpd   free   buff  cache   si   so    bi    bo   in   cs us sy id wa st                CEST
 0  0  91819 163574  23870 181800    0    0     0    12   55   99  0  3 97  0  0 2020-05-25 19:38:22
 0  0  91819 163574  23870 181800    0    0     0     0   65   61  0  0 100  0  0 2020-05-25 19:38:23
 0  0  91819 163574  23870 181800    0    0     0     0   51   49  0  0 100  0  0 2020-05-25 19:38:24
 0  0  91819 163574  23870 181800    0    0     0     0   44   42  0  1 99  0  0 2020-05-25 19:38:25
 0  0  91819 163574  23939 181800    0    0     0    12   74   81  0  1 99  0  0 2020-05-25 19:38:26
 0  0  91819 163574  23939 181800    0    0     0    20   52   69  0  0 100  0  0 2020-05-25 19:38:27
 0  0  91819 163574  23939 181800    0    0     0     0   50   53  0  0 100  0  0 2020-05-25 19:38:28
 0  0  91819 163574  23939 181800    0    0     0     0   50   45  0  0 100  0  0 2020-05-25 19:38:29
 0  0  91819 163574  23939 181800    0    0     0     0   50   65  1  0 99  0  0 2020-05-25 19:38:30
 0  0  91819 163574  24489 181800    0    0     0     0   35   38  0  1 99  0  0 2020-05-25 19:38:31
 0  0  91819 163574  24489 181800    0    0     0     0  191  189  5  2 93  0  0 2020-05-25 19:38:32
 0  0  91819 163574  24489 181800    0    0     0     8   33   45  0  0 100  0  0 2020-05-25 19:38:33
 0  0  91819 163574  24489 181800    0    0     0     0   37   48  0  0 100  0  0 2020-05-25 19:38:34
 0  0  91819 163574  24489 181800    0    0     0    12   74   95  0  0 99  1  0 2020-05-25 19:38:35
 0  0  91819 163574  23865 181800    0    0     0     0   49   58  0  0 100  0  0 2020-05-25 19:38:36
 0  0  91819 163574  23865 181800    0    0     0     0   51   52  0  1 99  0  0 2020-05-25 19:38:37
 0  0  91819 163574  23865 181800    0    0     0     0   31   36  0  0 100  0  0 2020-05-25 19:38:38
 0  0  91819 163574  23865 181800    0    0     0     0   48   59  0  0 100  0  0 2020-05-25 19:38:39
 0  0  91819 163574  23865 181800    0    0     0     0   35   42  0  1 99  0  0 2020-05-25 19:38:40
 0  0  91819 163574  23906 181800    0    0     0     0   31   41  1  0 99  0  0 2020-05-25 19:38:41
 0  0  91819 163574  23906 181811    0    0     0    12   68   80  0  0 99  1  0 2020-05-25 19:38:42
procs -----------memory---------- ---swap-- -----io---- -system-- ------cpu----- -----timestamp-----
 r  b   swpd   free   buff  cache   si   so    bi    bo   in   cs us sy id wa st                CEST
 0  0  91819 163574  23906 181811    0    0     0     0   45   47  0  0 100  0  0 2020-05-25 19:38:43
 0  0  91819 163574  23906 181811    0    0     0     4   42   63  0  2 98  0  0 2020-05-25 19:38:44
 0  0  91819 163574  23906 181811    0    0     0     0   62   61  0  0 100  0  0 2020-05-25 19:38:45
 0  0  91819 163574  23930 181811    0    0     0    12   75   81  0  1 99  0  0 2020-05-25 19:38:46
 0  0  91819 163574  23930 181811    0    0     0     0   49   46  0  0 100  0  0 2020-05-25 19:38:47
 0  0  91819 163574  23930 181811    0    0     0     0  149  224 24  0 76  0  0 2020-05-25 19:38:48
 0  0  91819 163574  23930 181811    0    0     0    12   48   86  5  0 95  0  0 2020-05-25 19:38:49
 1  0  91819 163574  23930 181806    0    0     0     0  503  429  1  3 96  0  0 2020-05-25 19:38:50
 0  0  91819 163574  23981 181806    0    0     0    12   75   83  1  0 99  0  0 2020-05-25 19:38:51
 0  0  91819 163574  23981 181806    0    0     0     0   51   47  1  0 99  0  0 2020-05-25 19:38:52
 0  0  91819 163574  23981 181806    0    0     0     0   44   38  0  0 100  0  0 2020-05-25 19:38:53
 0  0  91819 163574  23981 181806    0    0     0     0   37   47  0  1 99  0  0 2020-05-25 19:38:54
 0  0  91819 163574  23981 181806    0    0     0     0   29   35  0  0 100  0  0 2020-05-25 19:38:55
 0  0  91819 163574  23971 181806    0    0     0    12   67   75  0  0 99  1  0 2020-05-25 19:38:56
 0  0  91819 163574  23971 181806    0    0     0     0   47   53  0  1 99  0  0 2020-05-25 19:38:57
 0  0  91819 163574  23971 181806    0    0     0     0   52   63  0  0 100  0  0 2020-05-25 19:38:58
 0  0  91819 163574  23971 181806    0    0     0     0   37   36  0  0 100  0  0 2020-05-25 19:38:59
 0  0  91819 163574  23971 181806    0    0     0     0   32   39  0  1 99  0  0 2020-05-25 19:39:00
 0  0  91819 163574  24013 181806    0    0     0    12   69   79  0  0 100  0  0 2020-05-25 19:39:01
 0  0  91819 163574  24013 181806    0    0     0     0   66   73  0  0 100  0  0 2020-05-25 19:39:02
 0  0  91819 163574  24013 181806    0    0     0     0   35   36  1  0 99  0  0 2020-05-25 19:39:03
procs -----------memory---------- ---swap-- -----io---- -system-- ------cpu----- -----timestamp-----
 r  b   swpd   free   buff  cache   si   so    bi    bo   in   cs us sy id wa st                CEST
 0  0  91819 163574  24013 181806    0    0     0     0   36   45  1  0 99  0  0 2020-05-25 19:39:04
 0  0  91819 163574  24013 181806    0    0     0     0   62   63  1  0 99  0  0 2020-05-25 19:39:05
 0  0  91819 163574  23894 181806    0    0     0    12   73   78  0  2 98  0  0 2020-05-25 19:39:06
 1  0  91819 163574  23894 181806    0    0     0     0  125   97  0  0 100  0  0 2020-05-25 19:39:07
 0  0  91819 163574  23894 181806    0    0     0     0   44   50  0  1 99  0  0 2020-05-25 19:39:08
 0  0  91819 163574  23894 181806    0    0     0     8  200  162  0  1 99  0  0 2020-05-25 19:39:09
 0  0  91819 163574  23894 181806    0    0     0     0   37   68  0  0 100  0  0 2020-05-25 19:39:10
 0  0  91819 163574  23915 181806    0    0     0    20   72   78  0  1 98  1  0 2020-05-25 19:39:11
 0  0  91819 163574  23915 181806    0    0     0     0  108  101 84  3 13  0  0 2020-05-25 19:39:12
 0  0  91819 163574  23915 181806    0    0     0     0   33   40  0  0 100  0  0 2020-05-25 19:39:13
 0  0  91819 163574  23915 181806    0    0     0     0   36   43  0  0 100  0  0 2020-05-25 19:39:14
 0  0  91819 163574  23915 181806    0    0     0    16   69   76  0  1 99  0  0 2020-05-25 19:39:15
 0  0  91819 163574  24053 181806    0    0     0     0  269  213  0  4 96  0  0 2020-05-25 19:39:16
 0  0  91819 163574  24053 181806    0    0     0     0   38   48  0  1 99  0  0 2020-05-25 19:39:17
 0  0  91819 163574  24053 181806    0    0     0     0   28   37  0  1 99  0  0 2020-05-25 19:39:18
 0  0  91819 163574  24053 181806    0    0     0     0   49   77  1  0 99  0  0 2020-05-25 19:39:19
 0  0  91819 163574  24031 181806    0    0     0    12   77   86  0  0 100  0  0 2020-05-25 19:39:20
 0  0  91819 163574  24031 181806    0    0     0     0   55   49  0  0 100  0  0 2020-05-25 19:39:21
 0  0  91819 163574  24031 181806    0    0     0     0   46   63  0  0 100  0  0 2020-05-25 19:39:22
 0  0  91819 163574  24031 181806    0    0     0     0   32   37  0  0 100  0  0 2020-05-25 19:39:23
 0  0  91819 163574  24031 181806    0    0     0     0  136  111  1  1 98  0  0 2020-05-25 19:39:24
procs -----------memory---------- ---swap-- -----io---- -system-- ------cpu----- -----timestamp-----
 r  b   swpd   free   buff  cache   si   so    bi    bo   in   cs us sy id wa st                CEST
 0  0  91819 163574  23980 181806    0    0     0    12  113  109  1  1 97  1  0 2020-05-25 19:39:25
 0  0  91819 163574  23980 181806    0    0     0     0   53   51  0  1 99  0  0 2020-05-25 19:39:26
 0  0  91819 163574  23980 181806    0    0     0     0   52   52  0  0 100  0  0 2020-05-25 19:39:27
 0  0  91819 163574  23980 181806    0    0     0     0   65   63  1  1 98  0  0 2020-05-25 19:39:28
 1  0  91819 163574  23980 181806    0    0     0     0   56   87  1  0 99  0  0 2020-05-25 19:39:29
 0  0  91819 163574  23888 181806    0    0     0    12   73   79  1  0 99  0  0 2020-05-25 19:39:30
 0  0  91819 163574  23888 181806    0    0     0     0   91   88  0  0 100  0  0 2020-05-25 19:39:31
 1  0  91819 163574  23888 181806    0    0     0     0   39   42  0  0 100  0  0 2020-05-25 19:39:32
 0  0  91819 163574  23888 181806    0    0     0     0  134  107  0  1 99  0  0 2020-05-25 19:39:33
 0  0  91819 163574  23888 181806    0    0     0     0   30   40  0  0 100  0  0 2020-05-25 19:39:34
 0  0  91819 163574  23888 181806    0    0     0     0   32   39  0  1 99  0  0 2020-05-25 19:39:35
 0  0  91819 163574  24123 181806    0    0     0    12   74   89  0  0 100  0  0 2020-05-25 19:39:36
 0  0  91819 163574  24123 181806    0    0     0     0   69   66  0  0 100  0  0 2020-05-25 19:39:37
 0  0  91819 163574  24123 181806    0    0     0     0   30   45  0  0 100  0  0 2020-05-25 19:39:38
 0  0  91819 163574  24123 181806    0    0     0     0   35   41  1  0 99  0  0 2020-05-25 19:39:39
 0  0  91819 163574  24123 181806    0    0     0     8   56   63  1  0 99  0  0 2020-05-25 19:39:40
 0  0  91819 163574  24070 181806    0    0     0    20   72   88  0  0 99  1  0 2020-05-25 19:39:41
 0  0  91819 163574  24070 181806    0    0     0     0   66   60  0  0 100  0  0 2020-05-25 19:39:42
 0  0  91819 163574  24070 181806    0    0     0     0   32   38  1  0 99  0  0 2020-05-25 19:39:43
 0  0  91819 163574  24070 181806    0    0     0     0   90   82  0  1 99  0  0 2020-05-25 19:39:44
 0  0  91819 163574  24070 181806    0    0     0    16   60   70  0  1 99  0  0 2020-05-25 19:39:45
procs -----------memory---------- ---swap-- -----io---- -system-- ------cpu----- -----timestamp-----
 r  b   swpd   free   buff  cache   si   so    bi    bo   in   cs us sy id wa st                CEST
 0  0  91819 163511  24079 181806    0    0     0    12  281  234  0  1 99  0  0 2020-05-25 19:39:46
 0  0  91819 163474  24079 181806    0    0     0     0  219  197  0  1 99  0  0 2020-05-25 19:39:47
 0  0  91819 162426  24079 181806    0    0     0     0  846  641  1  8 91  0  0 2020-05-25 19:39:48
 0  0  91819 163426  24079 181806    0    0     0     0  423  376  8  1 91  0  0 2020-05-25 19:39:49
 0  0  91819 163269  24079 181806    0    0     0     0   55   45  0  0 100  0  0 2020-05-25 19:39:50
 0  0  91819 163295  24039 181806    0    0     0     0  406  360  0  1 99  0  0 2020-05-25 19:39:51
 0  0  91819 163198  24039 181806    0    0     0    12  294  260  0  4 96  0  0 2020-05-25 19:39:52
 0  0  91819 163150  24039 181770    0    0     0     0  600  481  1  6 93  0  0 2020-05-25 19:39:53
 0  0  91819 162742  24039 181770    0    0     0     0  429  345  0  5 95  0  0 2020-05-25 19:39:54
 0  0  91819 162517  24039 181770    0    0     0    12  626  510  1  3 95  1  0 2020-05-25 19:39:55
 0  0  91819 162228  24052 181770    0    0     0     0  831  644  3  6 91  0  0 2020-05-25 19:39:56
 3  0  91819 161092  24052 181852    0    0     0     0  978 2725 25 22 53  0  0 2020-05-25 19:39:57
 1  0  91819 159395  24052 181852    0    0     0     0 1809 1838 85 15  0  0  0 2020-05-25 19:39:58
 0  0  91819 159459  24052 181852    0    0     0     0 1289  895 26 12 61  0  0 2020-05-25 19:39:59
 1  0  91819 159484  24035 181852    0    0     0    12  602  473 21  3 76  0  0 2020-05-25 19:40:00
 1  0  91819 159854  24035 181852    0    0     0     0 1459  927 10 11 78  0  0 2020-05-25 19:40:01
 0  0  91819 160229  24035 181852    0    0     0     0  536  432  0  8 92  0  0 2020-05-25 19:40:02
 1  0  91819 160119  24035 181852    0    0     0     0  770  509  0  8 92  0  0 2020-05-25 19:40:03
 0  0  91819 160109  24087 181852    0    0     0    12  650  524 16  7 79  0  0 2020-05-25 19:40:04
 0  0  91819 160119  24087 181852    0    0     0     0  788  620  0  7 93  0  0 2020-05-25 19:40:05
 0  0  91819 159631  24087 181852    0    0     0     0 1029  760 29  8 63  0  0 2020-05-25 19:40:06
procs -----------memory---------- ---swap-- -----io---- -system-- ------cpu----- -----timestamp-----
 r  b   swpd   free   buff  cache   si   so    bi    bo   in   cs us sy id wa st                CEST
 0  0  91819 159432  24087 181852    0    0     0     0  345  313  0  4 96  0  0 2020-05-25 19:40:07
 1  0  91819 157646  24087 181852    0    0     0     0 1868 1190 74 19  7  0  0 2020-05-25 19:40:08
 0  0  91819 157793  24087 181852    0    0     0     0 1092  838 56  6 38  0  0 2020-05-25 19:40:09
 1  0  91819 157943  24129 181852    0    0     0    12  675  552  0  7 93  0  0 2020-05-25 19:40:10
 1  0  91819 157929  24129 181852    0    0     0     0  767  738 22  6 72  0  0 2020-05-25 19:40:11
 3  0  91819 157707  24129 181852    0    0     0     0  600  420 96  4  0  0  0 2020-05-25 19:40:12
 0  0  91819 157929  24129 181852    0    0     0     0 1607  994 30 13 57  0  0 2020-05-25 19:40:13
 1  0  91819 157929  24129 181852    0    0     0     8  498  412  0  2 98  0  0 2020-05-25 19:40:14
 1  0  91819 157914  24036 181852    0    0     0    24  438  378  6  4 89  1  0 2020-05-25 19:40:15
 0  0  91819 157968  24036 181852    0    0     0     0  225  182  0  0 100  0  0 2020-05-25 19:40:16
 0  0  91819 158015  24036 181814    0    0     0     0  175  170  0  1 99  0  0 2020-05-25 19:40:17
 1  0  91819 158129  24036 181814    0    0     0     0  592  502  6  5 89  0  0 2020-05-25 19:40:18
 0  0  91819 158129  24036 181814    0    0     0     0  169  168  0  1 99  0  0 2020-05-25 19:40:19
 0  0  91819 158129  24050 181814    0    0     0    12  113  120  0  0 100  0  0 2020-05-25 19:40:20
 0  0  91819 158457  24050 181814    0    0     0    12  268  231  0  2 98  0  0 2020-05-25 19:40:21
 0  0  91819 158015  24050 181814    0    0     0     0  145  130  0  0 100  0  0 2020-05-25 19:40:22
 0  0  91819 158015  24050 181814    0    0     0     0   65   65  1  0 99  0  0 2020-05-25 19:40:23
 0  0  91819 158015  24050 181814    0    0     0     0   75   77  0  1 99  0  0 2020-05-25 19:40:24
 0  0  91819 158015  24163 181814    0    0     0     0  141  117  0  0 100  0  0 2020-05-25 19:40:25
 0  0  91819 158129  24163 181814    0    0     0    12   96  103  0  0 99  1  0 2020-05-25 19:40:26
 0  0  91819 158015  24163 181814    0    0     0     0  153  123  0  2 98  0  0 2020-05-25 19:40:27
procs -----------memory---------- ---swap-- -----io---- -system-- ------cpu----- -----timestamp-----
 r  b   swpd   free   buff  cache   si   so    bi    bo   in   cs us sy id wa st                CEST
 0  0  91819 158139  24163 181814    0    0     0     0  407  339  0  6 94  0  0 2020-05-25 19:40:28
 0  0  91819 158264  24163 181814    0    0     0     0  295  253  0  4 96  0  0 2020-05-25 19:40:29
 0  0  91819 158264  24163 181814    0    0     0     0   80  101  1  0 99  0  0 2020-05-25 19:40:30
 0  0  91819 158391  24151 181852    0    0     0     0  228  207  0  2 98  0  0 2020-05-25 19:40:31
 0  0  91819 158451  24151 181852    0    0     0     0  100  126  0  0 100  0  0 2020-05-25 19:40:32
 0  0  91819 158391  24151 181852    0    0     0     0   44   46  0  0 100  0  0 2020-05-25 19:40:33
 1  0  91819 158263  24151 181852    0    0     0     0  160  134  0  1 99  0  0 2020-05-25 19:40:34
 0  0  91819 158263  24059 181852    0    0     0     0  238  209  0  0 100  0  0 2020-05-25 19:40:35
 0  0  91819 158380  24059 181852    0    0     0     0  230  173  0  0 100  0  0 2020-05-25 19:40:36
 1  0  91819 158449  24059 181852    0    0     0     0  182  142  1  3 96  0  0 2020-05-25 19:40:37
 0  0  91819 158451  24059 181852    0    0     0     0   86   95  0  0 100  0  0 2020-05-25 19:40:38
 0  0  91819 158451  24121 181852    0    0     0    12  130  139  0  0 100  0  0 2020-05-25 19:40:39
 0  0  91819 158451  24121 181852    0    0     0     0  114   88  0  0 100  0  0 2020-05-25 19:40:40
 0  0  91819 158451  24121 181852    0    0     0     0   44   49  1  0 99  0  0 2020-05-25 19:40:41
 0  0  91819 158451  24121 181852    0    0     0     0  109  114  0  2 98  0  0 2020-05-25 19:40:42
 0  0  91819 158465  24121 181852    0    0     0     4  149  139  0  2 98  0  0 2020-05-25 19:40:43
 0  0  91819 158584  24101 181852    0    0     0    12   77   96  0  2 97  1  0 2020-05-25 19:40:44
 0  0  91819 158584  24101 181852    0    0     0     0  103   90  1  0 99  0  0 2020-05-25 19:40:45
 1  0  91819 158465  24101 181852    0    0     0     0  117  104  6  0 94  0  0 2020-05-25 19:40:46
 0  0  91819 158465  24101 181852    0    0     0     0   69   95  2  0 98  0  0 2020-05-25 19:40:47
 0  0  91819 158674  24101 181852    0    0     0     0   47   42  0  1 99  0  0 2020-05-25 19:40:48
procs -----------memory---------- ---swap-- -----io---- -system-- ------cpu----- -----timestamp-----
 r  b   swpd   free   buff  cache   si   so    bi    bo   in   cs us sy id wa st                CEST
 0  0  91819 163574  24123 181852    0    0     0     0   26   46  0  0 100  0  0 2020-05-25 19:40:49
 0  0  91819 158465  24123 181852    0    0     0    12  135  139  0  1 99  0  0 2020-05-25 19:40:50
 0  0  91819 158465  24123 181852    0    0     0    20  237  314 20  2 78  0  0 2020-05-25 19:40:51
 0  0  91819 158465  24123 181852    0    0     0     0   93   89  0  0 100  0  0 2020-05-25 19:40:52
 0  0  91819 158465  24123 181852    0    0     0     0   47   64  0  0 100  0  0 2020-05-25 19:40:53
 0  0  91819 158674  24114 181852    0    0     0     0   58   61  0  0 100  0  0 2020-05-25 19:40:54
 0  0  91819 158674  24114 181852    0    0     0    12   57   73  0  0 99  1  0 2020-05-25 19:40:55
 0  0  91819 158674  24114 181852    0    0     0     0  112   87  0  0 100  0  0 2020-05-25 19:40:56
 0  0  91819 158605  24114 181852    0    0     0     0   78   84  0  0 100  0  0 2020-05-25 19:40:57
 0  0  91819 158605  24114 181852    0    0     0     0   98   91  0  1 99  0  0 2020-05-25 19:40:58
 0  0  91819 158605  24196 181852    0    0     0     0  109  115  0  1 99  0  0 2020-05-25 19:40:59
 0  0  91819 158605  24196 181852    0    0     0    12   91  116  0  0 100  0  0 2020-05-25 19:41:00
 0  0  91819 158605  24196 181852    0    0     0     0   95   91  0  1 99  0  0 2020-05-25 19:41:01
 0  0  91819 158264  24196 181814    0    0     0    12  239  232  0  1 99  0  0 2020-05-25 19:41:02
 0  0  91819 158605  24196 181814    0    0     0     0   96   80  0  0 100  0  0 2020-05-25 19:41:03
 0  0  91819 158605  24196 181814    0    0     0     0   50   49  0  0 100  0  0 2020-05-25 19:41:04
 0  0  91819 158605  24125 181814    0    0     0     0  161  148  1  0 99  0  0 2020-05-25 19:41:05
 0  0  91819 158457  24125 181814    0    0     0    12  267  265 17  4 79  0  0 2020-05-25 19:41:06
 0  0  91819 158380  24125 181814    0    0     0     0  239  199  0  1 99  0  0 2020-05-25 19:41:07
 0  0  91819 158457  24125 181814    0    0     0     0  195  176  0  3 97  0  0 2020-05-25 19:41:08
 0  0  91819 158457  24125 181852    0    0     0     0  135  103  0  1 99  0  0 2020-05-25 19:41:09
procs -----------memory---------- ---swap-- -----io---- -system-- ------cpu----- -----timestamp-----
 r  b   swpd   free   buff  cache   si   so    bi    bo   in   cs us sy id wa st                CEST
 0  0  91819 158605  24084 181852    0    0     0    12  210  200  0  1 99  0  0 2020-05-25 19:41:10
 1  0  91819 158659  24084 181852    0    0     0     0  494  467 30  1 67  0  0 2020-05-25 19:41:11
 0  0  91819 158659  24084 181852    0    0     0     0  130   91 53  2 45  0  0 2020-05-25 19:41:12
 0  0  91819 158659  24084 181852    0    0     0     0   30   41  0  0 100  0  0 2020-05-25 19:41:13
 0  0  91819 158605  23870 181852    0    0     0    16  167  161  0  0 99  1  0 2020-05-25 19:41:14
 0  0  91819 158674  23870 181852    0    0     0     0  176  142  0  1 99  0  0 2020-05-25 19:41:15
 0  0  91819 163574  23870 181800    0    0     0     0   63   60  0  1 99  0  0 2020-05-25 19:41:16
 0  0  91819 158659  23870 181800    0    0     0     0  314  263  1  2 97  0  0 2020-05-25 19:41:17
 0  0  91819 158443  24186 181852    0    0     0    28  332  310  0  1 99  0  0 2020-05-25 19:41:18
 0  0  91819 158674  24186 181852    0    0     0     0   50   65  0  0 100  0  0 2020-05-25 19:41:19
 0  0  91819 158674  24186 181852    0    0     0     0  104   93  0  0 100  0  0 2020-05-25 19:41:20
 0  0  91819 158449  24186 181852    0    0     0     0  293  266  0  1 99  0  0 2020-05-25 19:41:21
 0  0  91819 158443  24125 181852    0    0     0     0  203  181  0  1 99  0  0 2020-05-25 19:41:22
 0  0  91819 163574  24125 181852    0    0     0     0   35   44  1  0 99  0  0 2020-05-25 19:41:23
 0  0  91819 158659  24125 181852    0    0     0     0  450  357  0  3 97  0  0 2020-05-25 19:41:24
 0  0  91819 158449  24125 181852    0    0     0     0  379  305  0  4 96  0  0 2020-05-25 19:41:25
 0  0  91819 158605  24196 181838    0    0     0    20  595  489  1  4 94  1  0 2020-05-25 19:41:26
 0  0  91819 158659  24196 181838    0    0     0     0  492  353  2  4 94  0  0 2020-05-25 19:41:27
 0  0  91819 158659  24196 181838    0    0     0     0  240  218  1  1 98  0  0 2020-05-25 19:41:28
 0  0  91819 158620  24196 181838    0    0     0     0  258  223  7  2 91  0  0 2020-05-25 19:41:29
 0  0  91819 158620  24196 181838    0    0     0     0  209  192  0  1 99  0  0 2020-05-25 19:41:30
procs -----------memory---------- ---swap-- -----io---- -system-- ------cpu----- -----timestamp-----
 r  b   swpd   free   buff  cache   si   so    bi    bo   in   cs us sy id wa st                CEST
 1  0  91819 158706  24134 181838    0    0     0    12  251  234  1  1 97  1  0 2020-05-25 19:41:31
 0  0  91819 158620  24134 181838    0    0     0     0  239  211  0  1 99  0  0 2020-05-25 19:41:32
 0  0  91819 158706  24134 181838    0    0     0     0   50   54  0  0 100  0  0 2020-05-25 19:41:33
 0  0  91819 158706  24134 181838    0    0     0     0  222  175  0  1 99  0  0 2020-05-25 19:41:34
 0  0  91819 158706  24134 181838    0    0     0     0  169  141  0  1 99  0  0 2020-05-25 19:41:35
 0  0  91819 158706  24209 181838    0    0     0    12   76   85  0  1 99  0  0 2020-05-25 19:41:36
 0  0  91819 158706  24209 181838    0    0     0     0   83   68  0  1 99  0  0 2020-05-25 19:41:37
 0  0  91819 158706  24209 181838    0    0     0     0   58   60  0  0 100  0  0 2020-05-25 19:41:38
 0  0  91819 158706  24209 181838    0    0     0     0   65   66  0  0 100  0  0 2020-05-25 19:41:39
 0  0  91819 158838  24209 181838    0    0     0     0   73   69  1  1 98  0  0 2020-05-25 19:41:40
 0  0  91819 158706  24196 181838    0    0     0    12   37   66  0  0 100  0  0 2020-05-25 19:41:41
 0  0  91819 158706  24196 181838    0    0     0     0   68   62  0  1 99  0  0 2020-05-25 19:41:42
 0  0  91819 158706  24196 181838    0    0     0     0   31   37  0  0 100  0  0 2020-05-25 19:41:43
 0  0  91819 158706  24196 181838    0    0     0     0   35   49  0  1 99  0  0 2020-05-25 19:41:44
 0  0  91819 158449  24196 181838    0    0     0     0  332  275  0  3 97  0  0 2020-05-25 19:41:45
 0  0  91819 158706  24194 181838    0    0     0     0   79   80  0  0 100  0  0 2020-05-25 19:41:46
 0  0  91819 158706  24194 181838    0    0     0    16   93  105  0  1 99  0  0 2020-05-25 19:41:47
 0  0  91819 158706  24194 181799    0    0     0     0   64   56  0  1 99  0  0 2020-05-25 19:41:48
 0  0  91819 158706  24194 181799    0    0     0     0   46   74  7  1 92  0  0 2020-05-25 19:41:49
 0  0  91819 158706  24194 181799    0    0     0     0   31   38  0  0 100  0  0 2020-05-25 19:41:50
 0  0  91819 158706  24177 181799    0    0     0    12   95  109  0  2 98  0  0 2020-05-25 19:41:51
procs -----------memory---------- ---swap-- -----io---- -system-- ------cpu----- -----timestamp-----
 r  b   swpd   free   buff  cache   si   so    bi    bo   in   cs us sy id wa st                CEST
 0  0  91819 158706  24177 181799    0    0     0     0   35   38  0  0 100  0  0 2020-05-25 19:41:52
 0  0  91819 158706  24177 181799    0    0     0     0  102   88  0  0 100  0  0 2020-05-25 19:41:53
 0  0  91819 158659  24177 181799    0    0     0     0  111   99  0  1 99  0  0 2020-05-25 19:41:54
 0  0  91819 158620  24177 181799    0    0     0     0   97   95  0  1 99  0  0 2020-05-25 19:41:55
 0  0  91819 158620  24267 181799    0    0     0     0   93   75  1  0 99  0  0 2020-05-25 19:41:56
 0  0  91819 158620  24267 181799    0    0     0    20   75   98  1  0 98  1  0 2020-05-25 19:41:57
 0  0  91819 158620  24267 181799    0    0     0     0   80   70  0  0 100  0  0 2020-05-25 19:41:58
 0  0  91819 158620  24267 181799    0    0     0     0  117  125  0  0 100  0  0 2020-05-25 19:41:59
 0  0  91819 158620  24267 181799    0    0     0     0   86   86  0  1 99  0  0 2020-05-25 19:42:00
 0  0  91819 158620  24283 181799    0    0     0    20  140  228  9  0 91  0  0 2020-05-25 19:42:01
 0  0  91819 158706  24283 181799    0    0     0     0   72   81  0  0 100  0  0 2020-05-25 19:42:02
 0  0  91819 158620  24283 181799    0    0     0     0   66   67  0  1 99  0  0 2020-05-25 19:42:03
 0  0  91819 158706  24283 181799    0    0     0     0  150  133  0  1 99  0  0 2020-05-25 19:42:04
 0  0  91819 158659  24283 181799    0    0     0     0  154  125  0  2 98  0  0 2020-05-25 19:42:05
 0  0  91819 159833  24356 181799    0    0     0     0  128  107  0  1 99  0  0 2020-05-25 19:42:06
 0  0  91819 158838  24356 181799    0    0     0     0  100   81  0  0 100  0  0 2020-05-25 19:42:07
 0  0  91819 158838  24356 181799    0    0     0    12  161  161  0  1 98  1  0 2020-05-25 19:42:08
 0  0  91819 158838  24356 181799    0    0     0     0  122  115  0  0 100  0  0 2020-05-25 19:42:09
 0  0  91819 158838  24356 181799    0    0     0     0   79   78  0  0 100  0  0 2020-05-25 19:42:10
 1  0  91819 158838  24166 181799    0    0     0     0  226  235  0  3 97  0  0 2020-05-25 19:42:11
 0  0  91819 158802  24166 181799    0    0     0    12  185  205  0  3 97  0  0 2020-05-25 19:42:12
procs -----------memory---------- ---swap-- -----io---- -system-- ------cpu----- -----timestamp-----
 r  b   swpd   free   buff  cache   si   so    bi    bo   in   cs us sy id wa st                CEST
 1  0  91819 158858  24166 181799    0    0     0     0  481  432 39  6 55  0  0 2020-05-25 19:42:13
 0  0  91819 158858  24166 181799    0    0     0     0  161  139 43  1 56  0  0 2020-05-25 19:42:14
 0  0  91819 158858  24166 181799    0    0     0     0  103  103  1  0 99  0  0 2020-05-25 19:42:15
 0  0  91819 158838  24166 181799    0    0     0     0   81   71  0  0 100  0  0 2020-05-25 19:42:16
 0  0  91819 158838  24345 181799    0    0     0    16   79   90  0  0 100  0  0 2020-05-25 19:42:17
 0  0  91819 158838  24345 181799    0    0     0     0  156  138  1  1 98  0  0 2020-05-25 19:42:18
 1  0  91819 158838  24345 181799    0    0     0     0  107   98  0  0 100  0  0 2020-05-25 19:42:19
 0  0  91819 158620  24345 181799    0    0     0     0  115   97  0  2 98  0  0 2020-05-25 19:42:20
 0  0  91819 158838  24345 181799    0    0     0     0   22   33  0  1 99  0  0 2020-05-25 19:42:21
 0  0  91819 158838  24348 181799    0    0     0     0   76   92  0  0 100  0  0 2020-05-25 19:42:22
 0  0  91819 158838  24348 181799    0    0     0    12   35   53  0  0 100  0  0 2020-05-25 19:42:23
 0  0  91819 158838  24348 181799    0    0     0     0  107   91  0  1 99  0  0 2020-05-25 19:42:24
 0  0  91819 158931  24348 181734    0    0     0     0   62   61  0  0 100  0  0 2020-05-25 19:42:25
 0  0  91819 158931  24348 181734    0    0     0     0  142  120  0  0 100  0  0 2020-05-25 19:42:26
 0  0  91819 158931  24331 181734    0    0     0    12   36   61  0  0 99  1  0 2020-05-25 19:42:27
 0  0  91819 158838  24331 181734    0    0     0     8  120  119  1  1 98  0  0 2020-05-25 19:42:28
 0  0  91819 158838  24331 181734    0    0     0     0  138  135  0  0 100  0  0 2020-05-25 19:42:29
 0  0  91819 158838  24331 181734    0    0     0     0  125  118  0  0 100  0  0 2020-05-25 19:42:30
 0  0  91819 158931  24331 181734    0    0     0     0  198  183  0  2 98  0  0 2020-05-25 19:42:31
 0  0  91819 158931  24318 181734    0    0     0    20  103  121  0  2 98  0  0 2020-05-25 19:42:32
 0  0  91819 158838  24318 181734    0    0     0    12  230  196  1  2 97  0  0 2020-05-25 19:42:33
procs -----------memory---------- ---swap-- -----io---- -system-- ------cpu----- -----timestamp-----
 r  b   swpd   free   buff  cache   si   so    bi    bo   in   cs us sy id wa st                CEST
 0  0  91819 158838  24318 181734    0    0     0     0   26   48  1  0 99  0  0 2020-05-25 19:42:34
 0  0  91819 158838  24318 181734    0    0     0     0   31   37  0  0 100  0  0 2020-05-25 19:42:35
 0  0  91819 158838  24318 181734    0    0     0     0   78   68  0  0 100  0  0 2020-05-25 19:42:36
 0  0  91819 158838  24422 181734    0    0     0    12   32   56  0  0 99  1  0 2020-05-25 19:42:37
 0  0  91819 158838  24422 181734    0    0     0     0   70   70  0  0 100  0  0 2020-05-25 19:42:38
 0  0  91819 158838  24422 181734    0    0     0     0   81   81  1  2 97  0  0 2020-05-25 19:42:39
 1  0  91819 158838  24422 181734    0    0     0     0   87   81  0  0 100  0  0 2020-05-25 19:42:40
 0  0  91819 158931  24422 181734    0    0     0     0  127  139  0  3 97  0  0 2020-05-25 19:42:41
 0  0  91819 158931  24254 181734    0    0     0     0  459  388  0  3 97  0  0 2020-05-25 19:42:42
 0  0  91819 158927  24254 181734    0    0     0    12   86  103  0  0 100  0  0 2020-05-25 19:42:43
 0  0  91819 158927  24254 181734    0    0     0     0   50   60  0  1 99  0  0 2020-05-25 19:42:44
 0  0  91819 158538  24254 181734    0    0     0     0  152  140  0  0 100  0  0 2020-05-25 19:42:45
 0  0  91819 158931  24254 181734    0    0     0     0   75   66  0  0 100  0  0 2020-05-25 19:42:46
 0  0  91819 158931  24267 181734    0    0     0     0   54   51  0  0 100  0  0 2020-05-25 19:42:47
 0  0  91819 158931  24267 181734    0    0     0    12   29   52  0  1 99  0  0 2020-05-25 19:42:48
 0  0  91819 158931  24267 181734    0    0     0     4   56   58  0  0 100  0  0 2020-05-25 19:42:49
 0  0  91819 158931  24267 181734    0    0     0     0   60   80  8  0 92  0  0 2020-05-25 19:42:50
 0  0  91819 158838  24267 181734    0    0     0     0   73   75  0  0 100  0  0 2020-05-25 19:42:51
 0  0  91819 158838  24267 181734    0    0     0     0  113  135  1  1 98  0  0 2020-05-25 19:42:52
 0  0  91819 158838  24316 181734    0    0     0    12   38   63  0  0 100  0  0 2020-05-25 19:42:53
 0  0  91819 158838  24316 181734    0    0     0     0   83   75  0  0 100  0  0 2020-05-25 19:42:54
procs -----------memory---------- ---swap-- -----io---- -system-- ------cpu----- -----timestamp-----
 r  b   swpd   free   buff  cache   si   so    bi    bo   in   cs us sy id wa st                CEST
 0  0  91819 158838  24316 181734    0    0     0     0   51   54  0  1 99  0  0 2020-05-25 19:42:55
 0  0  91819 158838  24316 181734    0    0     0     0   66   55  0  1 99  0  0 2020-05-25 19:42:56
 0  0  91819 158806  24316 181734    0    0     0     0  690  542  0  8 92  0  0 2020-05-25 19:42:57
 2  0  91819 158706  24381 181734    0    0     0    12  873  772 10 12 78  1  0 2020-05-25 19:42:58
 3  0  91819 158706  24381 181842    0    0     0     0 2032 3294 78 22  0  0  0 2020-05-25 19:42:59
 0  0  91819 158262  24381 181842    0    0     0     0 1805 1233 35 15 51  0  0 2020-05-25 19:43:00
 0  0  91819 158262  24381 181842    0    0     0     0  710  576  0  8 92  0  0 2020-05-25 19:43:01
 0  0  91819 158233  24381 181842    0    0     0     0 1197  897 28  6 66  0  0 2020-05-25 19:43:02
 1  0  91819 158233  24348 181807    0    0     0    12  828  682 12 10 78  0  0 2020-05-25 19:43:03
 0  0  91819 158262  24348 181807    0    0     0     8  714  588  1  7 92  0  0 2020-05-25 19:43:04
 0  0  91819 158262  24348 181807    0    0     0     0  494  412  6  1 93  0  0 2020-05-25 19:43:05
 0  0  91819 158262  24348 181807    0    0     0     0  697  585 24  3 73  0  0 2020-05-25 19:43:06
 0  0  91819 158597  24348 181807    0    0     0    20  160  132  0  1 98  1  0 2020-05-25 19:43:07
 0  0  91819 158390  24348 181807    0    0     0     0  441  375  3  5 92  0  0 2020-05-25 19:43:08
 0  0  91819 158354  24373 181807    0    0     0     0  407  343  0  5 95  0  0 2020-05-25 19:43:09
 0  0  91819 158262  24373 181807    0    0     0     0  271  234  5  1 94  0  0 2020-05-25 19:43:10
 0  0  91819 158443  24373 181807    0    0     0     0  163  140  0  1 99  0  0 2020-05-25 19:43:11
 0  0  91819 158390  24373 181807    0    0     0     0  491  419  4  4 92  0  0 2020-05-25 19:43:12
 0  0  91819 158262  24373 181807    0    0     0     0  555  447  4  4 92  0  0 2020-05-25 19:43:13
 1  0  91819 158597  24412 181807    0    0     0    12  638  554 12  2 85  0  0 2020-05-25 19:43:14
 0  0  91819 158590  24412 181807    0    0     0     0  566  472 36  5 59  0  0 2020-05-25 19:43:15
procs -----------memory---------- ---swap-- -----io---- -system-- ------cpu----- -----timestamp-----
 r  b   swpd   free   buff  cache   si   so    bi    bo   in   cs us sy id wa st                CEST
 1  0  91819 158390  24412 181807    0    0     0     0  889  648 66  5 29  0  0 2020-05-25 19:43:16
 0  0  91819 158538  24412 181807    0    0     0     0  192  146  0  0 100  0  0 2020-05-25 19:43:17
 0  0  91819 158538  24412 181807    0    0     0     0  116  109  0  0 100  0  0 2020-05-25 19:43:18
 0  0  91819 158538  24361 181807    0    0     0    16   57   76  0  1 99  0  0 2020-05-25 19:43:19
 0  0  91819 158590  24361 181807    0    0     0     0   73   70  0  1 99  0  0 2020-05-25 19:43:20
 0  0  91819 158538  24361 181807    0    0     0     0   90   87  0  0 100  0  0 2020-05-25 19:43:21
 0  0  91819 158678  24361 181807    0    0     0     0   89   85  0  0 100  0  0 2020-05-25 19:43:22
 0  0  91819 158678  24359 181807    0    0     0    12   40   58  1  0 99  0  0 2020-05-25 19:43:23
 0  0  91819 158678  24359 181807    0    0     0     0  105   92  0  1 99  0  0 2020-05-25 19:43:24
 0  0  91819 158678  24359 181807    0    0     0     0   32   44  0  0 100  0  0 2020-05-25 19:43:25
 0  0  91819 159833  24359 181807    0    0     0     0  176  150  0  3 97  0  0 2020-05-25 19:43:26
 0  0  91819 158678  24359 181807    0    0     0     0   61   58  0  0 100  0  0 2020-05-25 19:43:27
 0  0  91819 158678  24346 181807    0    0     0     0  108   94  0  1 99  0  0 2020-05-25 19:43:28
 0  0  91819 158674  24346 181807    0    0     0     0  136  127  0  0 100  0  0 2020-05-25 19:43:29
 0  0  91819 158931  24346 181734    0    0     0     0  166  153  7  1 92  0  0 2020-05-25 19:43:30
 0  0  91819 158674  24346 181827    0    0     0     0  115  227  0  5 95  0  0 2020-05-25 19:43:31
 0  0  91819 158674  24346 181827    0    0     0     0  324  411  0  6 94  0  0 2020-05-25 19:43:32
 0  0  91819 158678  24366 181827    0    0     0    12  168  171  0  0 100  0  0 2020-05-25 19:43:33
 0  0  91819 163574  24366 181827    0    0     0     0   45   47  0  1 99  0  0 2020-05-25 19:43:34
 0  0  91819 158674  24366 181827    0    0     0     0  115   94  0  0 100  0  0 2020-05-25 19:43:35
 1  0  91819 158674  24366 181827    0    0     0     4  155  152  0  1 99  0  0 2020-05-25 19:43:36
procs -----------memory---------- ---swap-- -----io---- -system-- ------cpu----- -----timestamp-----
 r  b   swpd   free   buff  cache   si   so    bi    bo   in   cs us sy id wa st                CEST
 0  0  91819 158674  24366 181827    0    0     0     0  206  176  0  2 98  0  0 2020-05-25 19:43:37
 1  0  91819 158678  24366 181827    0    0     0     0  110   96  0  2 98  0  0 2020-05-25 19:43:38
 0  0  91819 158678  24501 181842    0    0     0    12  116  115  0  0 99  1  0 2020-05-25 19:43:39
 0  0  91819 158590  24501 181842    0    0     0     0  192  159  0  3 97  0  0 2020-05-25 19:43:40
 0  0  91819 158678  24501 181842    0    0     0    12  182  177  0  2 98  0  0 2020-05-25 19:43:41
 0  0  91819 158674  24501 181842    0    0     0     0  204  182  0  3 97  0  0 2020-05-25 19:43:42
 0  0  91819 158678  24363 181842    0    0     0    12  110  122  0  1 99  0  0 2020-05-25 19:43:43
 0  0  91819 158590  24363 181842    0    0     0     0  211  186  0  2 98  0  0 2020-05-25 19:43:44
 1  0  91819 158590  24363 181842    0    0     0     4  168  159  1  1 98  0  0 2020-05-25 19:43:45
 0  0  91819 158590  24363 181842    0    0     0     0  249  195  0  2 98  0  0 2020-05-25 19:43:46
 0  0  91819 158538  24363 181842    0    0     0     0  175  146  0  0 100  0  0 2020-05-25 19:43:47
 0  0  91819 159833  24392 181842    0    0     0    12  233  209  1  2 97  0  0 2020-05-25 19:43:48
 0  0  91819 159833  24392 181842    0    0     0     0  124  132  9  1 90  0  0 2020-05-25 19:43:49
 1  0  91819 159943  24392 181842    0    0     0     0  194  171  5  4 91  0  0 2020-05-25 19:43:50
 0  0  91819 159943  24391 181842    0    0     0    12  207  186  0  5 95  0  0 2020-05-25 19:43:51
 0  0  91819 159833  24391 181842    0    0     0     0   93   86  0  0 100  0  0 2020-05-25 19:43:52
 0  0  91819 159943  24391 181842    0    0     0     0  206  184  0  1 99  0  0 2020-05-25 19:43:53
 0  0  91819 159833  24391 181842    0    0     0     0  137  108  0  1 99  0  0 2020-05-25 19:43:54
 0  0  91819 159833  24489 181842    0    0     0    12  510  441  4  6 89  1  0 2020-05-25 19:43:55
 0  0  91819 159909  24489 181842    0    0     0     0  155  147  0  1 99  0  0 2020-05-25 19:43:56
 0  0  91819 160020  24489 181842    0    0     0     0  224  196  0  3 97  0  0 2020-05-25 19:43:57
procs -----------memory---------- ---swap-- -----io---- -system-- ------cpu----- -----timestamp-----
 r  b   swpd   free   buff  cache   si   so    bi    bo   in   cs us sy id wa st                CEST
 0  0  91819 159966  24489 181842    0    0     0     0  220  183  0  3 97  0  0 2020-05-25 19:43:58
 0  0  91819 160020  24489 181842    0    0     0     0  332  286  0  2 98  0  0 2020-05-25 19:43:59
 0  0  91819 160020  24483 181842    0    0     0    12  185  304  0  6 94  0  0 2020-05-25 19:44:00
 0  0  91819 158674  24483 181842    0    0     0     0  271  228  0  0 100  0  0 2020-05-25 19:44:01
 0  0  91819 158678  24483 181842    0    0     0     0  171  166  0  1 99  0  0 2020-05-25 19:44:02
 1  0  91819 158678  24483 181842    0    0     0     0  199  167  7  2 91  0  0 2020-05-25 19:44:03
 0  0  91819 158674  24346 181842    0    0     0     0   41   59  0  0 100  0  0 2020-05-25 19:44:04
 0  0  91819 158806  24346 181842    0    0     0     0  859  636 28  8 64  0  0 2020-05-25 19:44:05
 0  0  91819 158678  24346 181807    0    0     0    12   74   95  0  2 97  1  0 2020-05-25 19:44:06
 1  0  91819 158678  24346 181807    0    0     0     0  370  442 34  5 61  0  0 2020-05-25 19:44:07
 1  0  91819 158932  24503 181807    0    0     0     0  695  504  0  4 96  0  0 2020-05-25 19:44:08
 1  0  91819 158932  24503 181807    0    0     0    12  691  601 22  7 68  1  0 2020-05-25 19:44:09
 0  0  91819 159084  24503 181807    0    0     0     8  647  409  9  5 86  0  0 2020-05-25 19:44:10
 0  0  91819 159084  24503 181807    0    0     0     0  330  245  0  2 98  0  0 2020-05-25 19:44:11
 0  0  91819 159192  24445 181807    0    0     0     0  550  438  1  5 94  0  0 2020-05-25 19:44:12
 2  0  91819 159192  24445 181807    0    0     0    20  793  619 68  8 24  0  0 2020-05-25 19:44:13
 0  0  91819 159192  24445 181807    0    0     0     0  281  235  3  6 91  0  0 2020-05-25 19:44:14
 0  0  91819 159234  24445 181807    0    0     0     0  547  417  2  4 94  0  0 2020-05-25 19:44:15